[ 2025-03-27 08:10:50,925 ] 25 root - INFO - Entered the data ingestion method or component
[ 2025-03-27 08:10:50,972 ] 28 root - INFO - Read the dataset as dataframe
[ 2025-03-27 08:10:50,978 ] 31 root - INFO - Missing values in dataset:
Item_Identifier                 0
Item_Weight                  1463
Item_Fat_Content                0
Item_Visibility                 0
Item_Type                       0
Item_MRP                        0
Outlet_Identifier               0
Outlet_Establishment_Year       0
Outlet_Size                  2410
Outlet_Location_Type            0
Outlet_Type                     0
Item_Outlet_Sales               0
dtype: int64
[ 2025-03-27 08:10:51,082 ] 37 root - INFO - Train test split initiated
[ 2025-03-27 08:10:51,210 ] 43 root - INFO - Data Ingestion completed
[ 2025-03-27 08:10:51,210 ] 18 root - INFO - Entered the data cleaning method or component
[ 2025-03-27 08:10:51,277 ] 23 root - INFO - Read the dataset as dataframe
[ 2025-03-27 08:10:51,282 ] 26 root - INFO - Missing values in train dataset:
Item_Identifier                 0
Item_Weight                  1174
Item_Fat_Content                0
Item_Visibility                 0
Item_Type                       0
Item_MRP                        0
Outlet_Identifier               0
Outlet_Establishment_Year       0
Outlet_Size                  1935
Outlet_Location_Type            0
Outlet_Type                     0
Item_Outlet_Sales               0
dtype: int64
[ 2025-03-27 08:10:51,309 ] 27 root - INFO - Missing values in test dataset:
Item_Identifier                0
Item_Weight                  289
Item_Fat_Content               0
Item_Visibility                0
Item_Type                      0
Item_MRP                       0
Outlet_Identifier              0
Outlet_Establishment_Year      0
Outlet_Size                  475
Outlet_Location_Type           0
Outlet_Type                    0
Item_Outlet_Sales              0
dtype: int64
[ 2025-03-27 08:10:51,345 ] 43 root - INFO - Columns in cleaned train dataset: ['Item_Weight', 'Item_Fat_Content', 'Item_Type', 'Item_MRP', 'Outlet_Size', 'Outlet_Location_Type', 'Outlet_Type', 'Item_Outlet_Sales', 'Outlet_Age']
[ 2025-03-27 08:10:51,345 ] 44 root - INFO - Columns in cleaned test dataset: ['Item_Weight', 'Item_Fat_Content', 'Item_Type', 'Item_MRP', 'Outlet_Size', 'Outlet_Location_Type', 'Outlet_Type', 'Item_Outlet_Sales', 'Outlet_Age']
[ 2025-03-27 08:10:51,345 ] 48 root - INFO - Directory created
[ 2025-03-27 08:10:51,412 ] 51 root - INFO - Train data saved
[ 2025-03-27 08:10:51,449 ] 53 root - INFO - Test data saved
[ 2025-03-27 08:10:51,450 ] 55 root - INFO - Train and test data cleaned
[ 2025-03-27 08:10:51,496 ] 64 root - INFO - Read train and test data completed
[ 2025-03-27 08:10:51,496 ] 65 root - INFO - Train dataset columns: ['Item_Weight', 'Item_Fat_Content', 'Item_Type', 'Item_MRP', 'Outlet_Size', 'Outlet_Location_Type', 'Outlet_Type', 'Item_Outlet_Sales', 'Outlet_Age']
[ 2025-03-27 08:10:51,496 ] 66 root - INFO - Test dataset columns: ['Item_Weight', 'Item_Fat_Content', 'Item_Type', 'Item_MRP', 'Outlet_Size', 'Outlet_Location_Type', 'Outlet_Type', 'Item_Outlet_Sales', 'Outlet_Age']
[ 2025-03-27 08:10:51,510 ] 75 root - INFO - Added derived features: Is_High_Fat, Item_MRP_log
[ 2025-03-27 08:10:51,510 ] 82 root - INFO - Log-transformed target: Item_Outlet_Sales_log
[ 2025-03-27 08:10:51,510 ] 90 root - INFO - Input features for training: ['Item_Weight', 'Item_Fat_Content', 'Item_Type', 'Outlet_Size', 'Outlet_Location_Type', 'Outlet_Type', 'Outlet_Age', 'Is_High_Fat', 'Item_MRP_log']
[ 2025-03-27 08:10:51,510 ] 93 root - INFO - Obtaining preprocessing object
[ 2025-03-27 08:10:51,510 ] 42 root - INFO - Features to one-hot encode: ['Item_Fat_Content', 'Item_Type', 'Outlet_Location', 'Outlet_Type']
[ 2025-03-27 08:10:51,510 ] 43 root - INFO - Features to scale: ['Item_Weight', 'Item_MRP_log', 'Outlet_Age', 'Is_High_Fat']
[ 2025-03-27 08:10:51,510 ] 97 root - INFO - Applying preprocessing object on training and testing dataframes
